 SAP2000 v20.1.0 Ultimate 64-bit (Analysis Build 9626/64)                       
 File: G:\Poli\ELEMENTOS FINITOS\Elemetos finitos\Losas\DKMT\losas\MODELO-1.OUT 
                                                                     
                                                                       

 D I S P L A C E M E N T   D E G R E E S   O F   F R E E D O M

         (A) = Active DOF, equilibrium equation
         (-) = Restrained DOF, reaction computed
         (+) = Constrained DOF
         (>) = External substructure DOF
         ( ) = Null DOF

  JOINTS              UX  UY  UZ  RX  RY  RZ
    1028 TO    1029    -   -   -   A   A   A
    1027 TO     906    A   A   A   A   A   A
     905               -   -   -   A   A   A
     220 TO    1031    A   A   A   A   A   A
    1030               -   -   -   A   A   A
     904               A   A   A   A   A   A
     903               -   -   -   A   A   A
     219 TO    1033    A   A   A   A   A   A
    1032               -   -   -   A   A   A
     902               A   A   A   A   A   A
     901               -   -   -   A   A   A
     208 TO    1035    A   A   A   A   A   A
    1034               -   -   -   A   A   A
     900               A   A   A   A   A   A
     899               -   -   -   A   A   A
     399 TO    1037    A   A   A   A   A   A
    1036               -   -   -   A   A   A
     898               A   A   A   A   A   A
     897               -   -   -   A   A   A
    1798 TO    1039    A   A   A   A   A   A
    1038               -   -   -   A   A   A
     896               A   A   A   A   A   A
     895               -   -   -   A   A   A
     410 TO    1041    A   A   A   A   A   A
    1040               -   -   -   A   A   A
     894               A   A   A   A   A   A
     893               -   -   -   A   A   A
     406 TO    1043    A   A   A   A   A   A
    1042               -   -   -   A   A   A
     892               A   A   A   A   A   A
     891               -   -   -   A   A   A
     517 TO    1045    A   A   A   A   A   A
    1044               -   -   -   A   A   A
     890               A   A   A   A   A   A
     889               -   -   -   A   A   A
     521 TO    1047    A   A   A   A   A   A
    1046               -   -   -   A   A   A
     888               A   A   A   A   A   A
     887               -   -   -   A   A   A
    1781 TO    1771    A   A   A   A   A   A
    1048 TO     885    -   -   -   A   A   A
    1779 TO    1761    A   A   A   A   A   A
    1050 TO     884    -   -   -   A   A   A
     522 TO     513    A   A   A   A   A   A
    1052 TO     882    -   -   -   A   A   A
     524 TO     881    A   A   A   A   A   A
    1054 TO     880    -   -   -   A   A   A
    1754 TO     879    A   A   A   A   A   A
    1056 TO     878    -   -   -   A   A   A
    1755 TO    1058    A   A   A   A   A   A
    1057               -   -   -   A   A   A
     877               A   A   A   A   A   A
     876               -   -   -   A   A   A
    1739 TO    1060    A   A   A   A   A   A
    1059               -   -   -   A   A   A
     875               A   A   A   A   A   A
     874               -   -   -   A   A   A
     539 TO    1062    A   A   A   A   A   A
    1061               -   -   -   A   A   A
     873               A   A   A   A   A   A
     872               -   -   -   A   A   A
     372 TO    1064    A   A   A   A   A   A
    1063               -   -   -   A   A   A
     871               A   A   A   A   A   A
     870               -   -   -   A   A   A
     371 TO    1066    A   A   A   A   A   A
    1065               -   -   -   A   A   A
     869               A   A   A   A   A   A
     868               -   -   -   A   A   A
     504 TO    1068    A   A   A   A   A   A
    1067               -   -   -   A   A   A
     867               A   A   A   A   A   A
     866               -   -   -   A   A   A
     503 TO    1070    A   A   A   A   A   A
    1069               -   -   -   A   A   A
     865               A   A   A   A   A   A
     864               -   -   -   A   A   A
     366 TO    1072    A   A   A   A   A   A
    1071               -   -   -   A   A   A
     863               A   A   A   A   A   A
     862               -   -   -   A   A   A
     181 TO    1074    A   A   A   A   A   A
    1073               -   -   -   A   A   A
     861               A   A   A   A   A   A
     860               -   -   -   A   A   A
     182 TO    1716    A   A   A   A   A   A
    1075 TO     859    -   -   -   A   A   A
     174 TO     171    A   A   A   A   A   A
    1076 TO     858    -   -   -   A   A   A
     170 TO     358    A   A   A   A   A   A
    1077 TO     857    -   -   -   A   A   A
     164 TO     158    A   A   A   A   A   A
    1078 TO     856    -   -   -   A   A   A
     163 TO    1080    A   A   A   A   A   A
    1079               -   -   -   A   A   A
     855               A   A   A   A   A   A
     854               -   -   -   A   A   A
     355 TO    1082    A   A   A   A   A   A
    1081               -   -   -   A   A   A
     853               A   A   A   A   A   A
     852               -   -   -   A   A   A
     151 TO    1084    A   A   A   A   A   A
    1083               -   -   -   A   A   A
     851               A   A   A   A   A   A
     850               -   -   -   A   A   A
     354 TO    1086    A   A   A   A   A   A
    1085               -   -   -   A   A   A
     849               A   A   A   A   A   A
     848               -   -   -   A   A   A
    1711 TO    1088    A   A   A   A   A   A
    1087               -   -   -   A   A   A
     847               A   A   A   A   A   A
     846               -   -   -   A   A   A
    1706 TO    1090    A   A   A   A   A   A
    1089               -   -   -   A   A   A
     845               A   A   A   A   A   A
     844               -   -   -   A   A   A
    1707 TO    1092    A   A   A   A   A   A
    1091               -   -   -   A   A   A
     843               A   A   A   A   A   A
     842               -   -   -   A   A   A
    1701 TO     490    A   A   A   A   A   A
    1093 TO     840    -   -   -   A   A   A
    1699 TO     841    A   A   A   A   A   A
    1095 TO     838    -   -   -   A   A   A
     491 TO    1681    A   A   A   A   A   A
    1097 TO     837    -   -   -   A   A   A
    1685 TO     836    A   A   A   A   A   A
    1099 TO     835    -   -   -   A   A   A
    1676 TO    1635    A   A   A   A   A   A
    1101 TO     833    -   -   -   A   A   A
    1677 TO     832    A   A   A   A   A   A
    1103 TO     831    -   -   -   A   A   A
     485 TO    1105    A   A   A   A   A   A
    1104               -   -   -   A   A   A
     830               A   A   A   A   A   A
     829               -   -   -   A   A   A
    1660 TO    1107    A   A   A   A   A   A
    1106               -   -   -   A   A   A
     828               A   A   A   A   A   A
     827               -   -   -   A   A   A
     348 TO    1109    A   A   A   A   A   A
    1108               -   -   -   A   A   A
     826               A   A   A   A   A   A
     825               -   -   -   A   A   A
     347 TO    1111    A   A   A   A   A   A
    1110               -   -   -   A   A   A
     824               A   A   A   A   A   A
     823               -   -   -   A   A   A
    1648 TO    1113    A   A   A   A   A   A
    1112               -   -   -   A   A   A
     822               A   A   A   A   A   A
     821               -   -   -   A   A   A
     343 TO    1115    A   A   A   A   A   A
    1114               -   -   -   A   A   A
     820               A   A   A   A   A   A
     819               -   -   -   A   A   A
    1640 TO    1117    A   A   A   A   A   A
    1116               -   -   -   A   A   A
     818               A   A   A   A   A   A
     817               -   -   -   A   A   A
     342 TO    1119    A   A   A   A   A   A
    1118               -   -   -   A   A   A
     816               A   A   A   A   A   A
     815               -   -   -   A   A   A
    1631 TO    1121    A   A   A   A   A   A
    1120               -   -   -   A   A   A
     814               A   A   A   A   A   A
     813               -   -   -   A   A   A
    1123               A   A   A   A   A   A
    1122               -   -   -   A   A   A
     812               A   A   A   A   A   A
     811               -   -   -   A   A   A
     144 TO     334    A   A   A   A   A   A
    1124 TO     810    -   -   -   A   A   A
     335 TO     133    A   A   A   A   A   A
    1125 TO     809    -   -   -   A   A   A
     480 TO     135    A   A   A   A   A   A
    1126 TO     808    -   -   -   A   A   A
     479 TO     123    A   A   A   A   A   A
    1127 TO     807    -   -   -   A   A   A
     126 TO    1129    A   A   A   A   A   A
    1128               -   -   -   A   A   A
     806               A   A   A   A   A   A
     805               -   -   -   A   A   A
     330 TO    1131    A   A   A   A   A   A
    1130               -   -   -   A   A   A
     804               A   A   A   A   A   A
     803               -   -   -   A   A   A
     116 TO    1590    A   A   A   A   A   A
    1132 TO     801    -   -   -   A   A   A
    1620 TO    1614    A   A   A   A   A   A
    1134 TO     799    -   -   -   A   A   A
    1618 TO     319    A   A   A   A   A   A
    1136 TO     797    -   -   -   A   A   A
    1612 TO     317    A   A   A   A   A   A
    1138 TO     795    -   -   -   A   A   A
    1610 TO     796    A   A   A   A   A   A
    1140 TO     793    -   -   -   A   A   A
    1605 TO    1600    A   A   A   A   A   A
    1142 TO     791    -   -   -   A   A   A
    1602 TO    1596    A   A   A   A   A   A
    1144 TO     789    -   -   -   A   A   A
    1598 TO    1579    A   A   A   A   A   A
    1146 TO     788    -   -   -   A   A   A
    1594 TO    1585    A   A   A   A   A   A
    1148 TO     786    -   -   -   A   A   A
    1586 TO     785    A   A   A   A   A   A
    1150 TO     784    -   -   -   A   A   A
    1581 TO    1566    A   A   A   A   A   A
    1152 TO     782    -   -   -   A   A   A
    1575 TO    1567    A   A   A   A   A   A
    1153 TO     780    -   -   -   A   A   A
    1573 TO    1561    A   A   A   A   A   A
    1155 TO     778    -   -   -   A   A   A
    1562 TO     311    A   A   A   A   A   A
    1157 TO     776    -   -   -   A   A   A
    1559 TO     775    A   A   A   A   A   A
    1159 TO     774    -   -   -   A   A   A
    1555 TO     309    A   A   A   A   A   A
    1161 TO     772    -   -   -   A   A   A
     316 TO    1544    A   A   A   A   A   A
    1163 TO     770    -   -   -   A   A   A
    1545 TO    1538    A   A   A   A   A   A
    1165 TO     768    -   -   -   A   A   A
     110 TO    1168    A   A   A   A   A   A
    1167               -   -   -   A   A   A
     767               A   A   A   A   A   A
     766               -   -   -   A   A   A
     109 TO    1170    A   A   A   A   A   A
    1169               -   -   -   A   A   A
     765               A   A   A   A   A   A
     764               -   -   -   A   A   A
     307 TO      97    A   A   A   A   A   A
    1171 TO     763    -   -   -   A   A   A
     106 TO      98    A   A   A   A   A   A
    1172 TO     762    -   -   -   A   A   A
     462 TO      88    A   A   A   A   A   A
    1173 TO     761    -   -   -   A   A   A
     464 TO      86    A   A   A   A   A   A
    1174 TO     760    -   -   -   A   A   A
     302 TO    1176    A   A   A   A   A   A
    1175               -   -   -   A   A   A
     759               A   A   A   A   A   A
     758               -   -   -   A   A   A
      84 TO    1178    A   A   A   A   A   A
    1177               -   -   -   A   A   A
     757               A   A   A   A   A   A
     756               -   -   -   A   A   A
    1525 TO    1180    A   A   A   A   A   A
    1179               -   -   -   A   A   A
     755               A   A   A   A   A   A
     754               -   -   -   A   A   A
     296 TO    1182    A   A   A   A   A   A
    1181               -   -   -   A   A   A
     753               A   A   A   A   A   A
     752               -   -   -   A   A   A
     295 TO    1184    A   A   A   A   A   A
    1183               -   -   -   A   A   A
     751               A   A   A   A   A   A
     750               -   -   -   A   A   A
    1521 TO    1186    A   A   A   A   A   A
    1185               -   -   -   A   A   A
     749               A   A   A   A   A   A
     748               -   -   -   A   A   A
     291 TO    1188    A   A   A   A   A   A
    1187               -   -   -   A   A   A
     747               A   A   A   A   A   A
     746               -   -   -   A   A   A
    1513 TO    1190    A   A   A   A   A   A
    1189               -   -   -   A   A   A
     745               A   A   A   A   A   A
     744               -   -   -   A   A   A
     290 TO    1192    A   A   A   A   A   A
    1191               -   -   -   A   A   A
     743               A   A   A   A   A   A
     742               -   -   -   A   A   A
     292 TO    1194    A   A   A   A   A   A
    1193               -   -   -   A   A   A
     741               A   A   A   A   A   A
     740               -   -   -   A   A   A
    1503 TO     448    A   A   A   A   A   A
    1195 TO     739    -   -   -   A   A   A
     449 TO    1466    A   A   A   A   A   A
    1197 TO     737    -   -   -   A   A   A
    1494 TO    1486    A   A   A   A   A   A
    1199 TO     735    -   -   -   A   A   A
    1492 TO    1482    A   A   A   A   A   A
    1201 TO     733    -   -   -   A   A   A
    1483 TO     732    A   A   A   A   A   A
    1202 TO     731    -   -   -   A   A   A
     450 TO     730    A   A   A   A   A   A
    1204 TO     729    -   -   -   A   A   A
     452 TO    1207    A   A   A   A   A   A
    1206               -   -   -   A   A   A
     728               A   A   A   A   A   A
     727               -   -   -   A   A   A
    1455 TO    1209    A   A   A   A   A   A
    1208               -   -   -   A   A   A
     726               A   A   A   A   A   A
     725               -   -   -   A   A   A
    1460 TO    1211    A   A   A   A   A   A
    1210               -   -   -   A   A   A
     724               A   A   A   A   A   A
     723               -   -   -   A   A   A
    1449 TO    1213    A   A   A   A   A   A
    1212               -   -   -   A   A   A
     722               A   A   A   A   A   A
     721               -   -   -   A   A   A
    1445 TO    1215    A   A   A   A   A   A
    1214               -   -   -   A   A   A
     720               A   A   A   A   A   A
     719               -   -   -   A   A   A
     283 TO    1217    A   A   A   A   A   A
    1216               -   -   -   A   A   A
     718               A   A   A   A   A   A
     717               -   -   -   A   A   A
      74 TO    1219    A   A   A   A   A   A
    1218               -   -   -   A   A   A
     716               A   A   A   A   A   A
     715               -   -   -   A   A   A
     279 TO      65    A   A   A   A   A   A
    1220 TO     714    -   -   -   A   A   A
      68 TO      58    A   A   A   A   A   A
    1221 TO     713    -   -   -   A   A   A
      62 TO     274    A   A   A   A   A   A
    1222 TO     712    -   -   -   A   A   A
      61 TO    1442    A   A   A   A   A   A
    1223 TO     711    -   -   -   A   A   A
      54 TO    1225    A   A   A   A   A   A
    1224               -   -   -   A   A   A
     710               A   A   A   A   A   A
     709               -   -   -   A   A   A
      46 TO    1227    A   A   A   A   A   A
    1226               -   -   -   A   A   A
     708               A   A   A   A   A   A
     707               -   -   -   A   A   A
      44 TO    1229    A   A   A   A   A   A
    1228               -   -   -   A   A   A
     706               A   A   A   A   A   A
     705               -   -   -   A   A   A
    1439 TO    1231    A   A   A   A   A   A
    1230               -   -   -   A   A   A
     704               A   A   A   A   A   A
     703               -   -   -   A   A   A
     438 TO    1233    A   A   A   A   A   A
    1232               -   -   -   A   A   A
     702               A   A   A   A   A   A
     701               -   -   -   A   A   A
     440 TO    1235    A   A   A   A   A   A
    1234               -   -   -   A   A   A
     700               A   A   A   A   A   A
     699               -   -   -   A   A   A
     266 TO    1237    A   A   A   A   A   A
    1236               -   -   -   A   A   A
     698               A   A   A   A   A   A
     697               -   -   -   A   A   A
    1386 TO    1239    A   A   A   A   A   A
    1238               -   -   -   A   A   A
     696               A   A   A   A   A   A
     695               -   -   -   A   A   A
     530 TO    1241    A   A   A   A   A   A
    1240               -   -   -   A   A   A
     694               A   A   A   A   A   A
     693               -   -   -   A   A   A
    1420 TO    1415    A   A   A   A   A   A
    1242 TO     692    -   -   -   A   A   A
    1414 TO    1404    A   A   A   A   A   A
    1244 TO     690    -   -   -   A   A   A
    1412 TO    1400    A   A   A   A   A   A
    1246 TO     688    -   -   -   A   A   A
     432 TO    1385    A   A   A   A   A   A
    1248 TO     686    -   -   -   A   A   A
     431 TO     685    A   A   A   A   A   A
    1249 TO     684    -   -   -   A   A   A
    1392 TO    1252    A   A   A   A   A   A
    1251               -   -   -   A   A   A
     683               A   A   A   A   A   A
     682               -   -   -   A   A   A
    1365 TO    1254    A   A   A   A   A   A
    1253               -   -   -   A   A   A
     681               A   A   A   A   A   A
     680               -   -   -   A   A   A
     429 TO    1256    A   A   A   A   A   A
    1255               -   -   -   A   A   A
     679               A   A   A   A   A   A
     678               -   -   -   A   A   A
     424 TO    1258    A   A   A   A   A   A
    1257               -   -   -   A   A   A
     677               A   A   A   A   A   A
     676               -   -   -   A   A   A
     254 TO    1260    A   A   A   A   A   A
    1259               -   -   -   A   A   A
     675               A   A   A   A   A   A
     674               -   -   -   A   A   A
     259 TO    1262    A   A   A   A   A   A
    1261               -   -   -   A   A   A
     673               A   A   A   A   A   A
     672               -   -   -   A   A   A
    1357 TO    1264    A   A   A   A   A   A
    1263               -   -   -   A   A   A
     671               A   A   A   A   A   A
     670               -   -   -   A   A   A
     246 TO    1266    A   A   A   A   A   A
    1265               -   -   -   A   A   A
     669               A   A   A   A   A   A
     668               -   -   -   A   A   A
      37 TO    1268    A   A   A   A   A   A
    1267               -   -   -   A   A   A
     667               A   A   A   A   A   A
     666               -   -   -   A   A   A
      36 TO     575    A   A   A   A   A   A
     665               -   -   -   A   A   A
     663 TO     546    A   A   A   A   A   A
     544               -   -   -   A   A   A
     543 TO       1    A   A   A   A   A   A
     664 TO     541    -   -   -   A   A   A
